<?xml version="1.0" encoding="UTF-8"?>
<!-- Generated by org.testng.reporters.JUnitReportReporter -->
<testsuite hostname="TIAABCP-UNADDSI013L3904534" failures="0" tests="1" name="TestCases.TC01_AccountRegistrationTest" time="0.024" errors="0" timestamp="2024-10-31T19:18:17 IST" skipped="0">
  <testcase classname="TestCases.TC01_AccountRegistrationTest" name="verify_account_registration" time="0.024"/>
</testsuite> <!-- TestCases.TC01_AccountRegistrationTest -->
